<?xml version="1.0" encoding="UTF-8"?>
<coverage generated="1765340519870" clover="3.2.0">
  <project timestamp="1765340519870" name="All files">
    <metrics statements="112" coveredstatements="109" conditionals="25" coveredconditionals="18" methods="19" coveredmethods="19" elements="156" coveredelements="146" complexity="0" loc="112" ncloc="112" packages="1" files="1" classes="1"/>
    <file name="scheduleModel.js" path="C:\Users\Stevan\RPL\TubesRPL\models\scheduleModel.js">
      <metrics statements="112" coveredstatements="109" conditionals="25" coveredconditionals="18" methods="19" coveredmethods="19"/>
      <line num="1" count="1" type="stmt"/>
      <line num="5" count="2" type="stmt"/>
      <line num="7" count="2" type="stmt"/>
      <line num="27" count="2" type="stmt"/>
      <line num="28" count="1" type="stmt"/>
      <line num="30" count="1" type="stmt"/>
      <line num="35" count="3" type="stmt"/>
      <line num="36" count="3" type="stmt"/>
      <line num="37" count="3" type="stmt"/>
      <line num="40" count="3" type="stmt"/>
      <line num="48" count="3" type="stmt"/>
      <line num="52" count="2" type="stmt"/>
      <line num="57" count="2" type="stmt"/>
      <line num="59" count="2" type="stmt"/>
      <line num="60" count="2" type="stmt"/>
      <line num="62" count="1" type="stmt"/>
      <line num="63" count="1" type="stmt"/>
      <line num="65" count="3" type="stmt"/>
      <line num="71" count="2" type="stmt"/>
      <line num="74" count="2" type="stmt"/>
      <line num="96" count="2" type="stmt"/>
      <line num="97" count="1" type="stmt"/>
      <line num="99" count="1" type="stmt"/>
      <line num="104" count="2" type="stmt"/>
      <line num="106" count="2" type="stmt"/>
      <line num="117" count="2" type="stmt"/>
      <line num="118" count="1" type="cond" truecount="1" falsecount="1"/>
      <line num="120" count="1" type="stmt"/>
      <line num="125" count="1" type="stmt"/>
      <line num="127" count="1" type="stmt"/>
      <line num="143" count="1" type="stmt"/>
      <line num="144" count="1" type="stmt"/>
      <line num="146" count="0" type="stmt"/>
      <line num="152" count="3" type="stmt"/>
      <line num="153" count="3" type="stmt"/>
      <line num="154" count="3" type="stmt"/>
      <line num="157" count="3" type="stmt"/>
      <line num="158" count="3" type="stmt"/>
      <line num="160" count="3" type="cond" truecount="4" falsecount="0"/>
      <line num="161" count="1" type="stmt"/>
      <line num="162" count="1" type="stmt"/>
      <line num="164" count="3" type="stmt"/>
      <line num="168" count="2" type="cond" truecount="1" falsecount="1"/>
      <line num="169" count="2" type="stmt"/>
      <line num="170" count="2" type="cond" truecount="2" falsecount="0"/>
      <line num="171" count="2" type="cond" truecount="2" falsecount="0"/>
      <line num="173" count="2" type="stmt"/>
      <line num="178" count="2" type="stmt"/>
      <line num="181" count="2" type="stmt"/>
      <line num="182" count="2" type="stmt"/>
      <line num="184" count="1" type="stmt"/>
      <line num="185" count="1" type="stmt"/>
      <line num="187" count="3" type="stmt"/>
      <line num="192" count="2" type="stmt"/>
      <line num="197" count="2" type="stmt"/>
      <line num="198" count="1" type="stmt"/>
      <line num="203" count="3" type="stmt"/>
      <line num="204" count="3" type="stmt"/>
      <line num="205" count="3" type="stmt"/>
      <line num="207" count="3" type="stmt"/>
      <line num="213" count="3" type="cond" truecount="2" falsecount="0"/>
      <line num="215" count="2" type="stmt"/>
      <line num="216" count="1" type="cond" truecount="1" falsecount="1"/>
      <line num="218" count="2" type="stmt"/>
      <line num="219" count="1" type="stmt"/>
      <line num="224" count="1" type="stmt"/>
      <line num="225" count="1" type="stmt"/>
      <line num="226" count="2" type="stmt"/>
      <line num="229" count="1" type="stmt"/>
      <line num="232" count="2" type="stmt"/>
      <line num="233" count="2" type="stmt"/>
      <line num="235" count="1" type="stmt"/>
      <line num="236" count="1" type="stmt"/>
      <line num="238" count="3" type="stmt"/>
      <line num="244" count="1" type="stmt"/>
      <line num="252" count="1" type="stmt"/>
      <line num="253" count="1" type="stmt"/>
      <line num="259" count="2" type="stmt"/>
      <line num="260" count="2" type="cond" truecount="2" falsecount="0"/>
      <line num="261" count="1" type="stmt"/>
      <line num="268" count="1" type="stmt"/>
      <line num="276" count="2" type="stmt"/>
      <line num="277" count="2" type="stmt"/>
      <line num="281" count="1" type="stmt"/>
      <line num="290" count="1" type="stmt"/>
      <line num="291" count="1" type="stmt"/>
      <line num="295" count="2" type="stmt"/>
      <line num="296" count="2" type="stmt"/>
      <line num="297" count="2" type="stmt"/>
      <line num="299" count="2" type="stmt"/>
      <line num="304" count="2" type="stmt"/>
      <line num="307" count="2" type="stmt"/>
      <line num="308" count="3" type="stmt"/>
      <line num="314" count="1" type="stmt"/>
      <line num="315" count="1" type="stmt"/>
      <line num="317" count="1" type="stmt"/>
      <line num="318" count="1" type="stmt"/>
      <line num="320" count="2" type="stmt"/>
      <line num="326" count="1" type="stmt"/>
      <line num="331" count="1" type="stmt"/>
      <line num="336" count="1" type="stmt"/>
      <line num="341" count="1" type="stmt"/>
      <line num="342" count="1" type="stmt"/>
      <line num="347" count="2" type="stmt"/>
      <line num="348" count="2" type="stmt"/>
      <line num="351" count="2" type="cond" truecount="3" falsecount="1"/>
      <line num="352" count="0" type="stmt"/>
      <line num="358" count="0" type="stmt"/>
      <line num="361" count="2" type="stmt"/>
      <line num="366" count="1" type="stmt"/>
      <line num="369" count="2" type="stmt"/>
      <line num="373" count="1" type="stmt"/>
    </file>
  </project>
</coverage>
