{"C:\\Users\\Stevan\\RPL\\TubesRPL\\models\\scheduleModel.js": {"path":"C:\\Users\\Stevan\\RPL\\TubesRPL\\models\\scheduleModel.js","statementMap":{"0":{"start":{"line":1,"column":11},"end":{"line":1,"column":34}},"1":{"start":{"line":5,"column":8},"end":{"line":31,"column":9}},"2":{"start":{"line":7,"column":26},"end":{"line":25,"column":13}},"3":{"start":{"line":27,"column":27},"end":{"line":27,"column":63}},"4":{"start":{"line":28,"column":12},"end":{"line":28,"column":24}},"5":{"start":{"line":30,"column":12},"end":{"line":30,"column":24}},"6":{"start":{"line":35,"column":27},"end":{"line":35,"column":51}},"7":{"start":{"line":36,"column":8},"end":{"line":36,"column":44}},"8":{"start":{"line":37,"column":8},"end":{"line":66,"column":9}},"9":{"start":{"line":40,"column":29},"end":{"line":47,"column":13}},"10":{"start":{"line":48,"column":12},"end":{"line":48,"column":82}},"11":{"start":{"line":52,"column":31},"end":{"line":56,"column":13}},"12":{"start":{"line":57,"column":12},"end":{"line":57,"column":58}},"13":{"start":{"line":59,"column":12},"end":{"line":59,"column":38}},"14":{"start":{"line":60,"column":12},"end":{"line":60,"column":24}},"15":{"start":{"line":62,"column":12},"end":{"line":62,"column":40}},"16":{"start":{"line":63,"column":12},"end":{"line":63,"column":24}},"17":{"start":{"line":65,"column":12},"end":{"line":65,"column":33}},"18":{"start":{"line":71,"column":8},"end":{"line":100,"column":9}},"19":{"start":{"line":74,"column":26},"end":{"line":95,"column":13}},"20":{"start":{"line":96,"column":27},"end":{"line":96,"column":64}},"21":{"start":{"line":97,"column":12},"end":{"line":97,"column":24}},"22":{"start":{"line":99,"column":12},"end":{"line":99,"column":24}},"23":{"start":{"line":104,"column":8},"end":{"line":121,"column":9}},"24":{"start":{"line":106,"column":26},"end":{"line":116,"column":13}},"25":{"start":{"line":117,"column":27},"end":{"line":117,"column":59}},"26":{"start":{"line":118,"column":12},"end":{"line":118,"column":52}},"27":{"start":{"line":120,"column":12},"end":{"line":120,"column":24}},"28":{"start":{"line":125,"column":8},"end":{"line":147,"column":9}},"29":{"start":{"line":127,"column":26},"end":{"line":142,"column":13}},"30":{"start":{"line":143,"column":27},"end":{"line":143,"column":64}},"31":{"start":{"line":144,"column":12},"end":{"line":144,"column":24}},"32":{"start":{"line":146,"column":12},"end":{"line":146,"column":24}},"33":{"start":{"line":152,"column":27},"end":{"line":152,"column":51}},"34":{"start":{"line":153,"column":8},"end":{"line":153,"column":44}},"35":{"start":{"line":154,"column":8},"end":{"line":188,"column":9}},"36":{"start":{"line":157,"column":27},"end":{"line":157,"column":80}},"37":{"start":{"line":158,"column":28},"end":{"line":158,"column":43}},"38":{"start":{"line":160,"column":12},"end":{"line":163,"column":13}},"39":{"start":{"line":161,"column":16},"end":{"line":161,"column":139}},"40":{"start":{"line":162,"column":16},"end":{"line":162,"column":51}},"41":{"start":{"line":164,"column":12},"end":{"line":164,"column":58}},"42":{"start":{"line":168,"column":12},"end":{"line":179,"column":13}},"43":{"start":{"line":169,"column":37},"end":{"line":169,"column":46}},"44":{"start":{"line":170,"column":16},"end":{"line":170,"column":71}},"45":{"start":{"line":170,"column":43},"end":{"line":170,"column":71}},"46":{"start":{"line":171,"column":16},"end":{"line":171,"column":71}},"47":{"start":{"line":171,"column":43},"end":{"line":171,"column":71}},"48":{"start":{"line":173,"column":35},"end":{"line":177,"column":17}},"49":{"start":{"line":178,"column":16},"end":{"line":178,"column":90}},"50":{"start":{"line":181,"column":12},"end":{"line":181,"column":38}},"51":{"start":{"line":182,"column":12},"end":{"line":182,"column":24}},"52":{"start":{"line":184,"column":12},"end":{"line":184,"column":40}},"53":{"start":{"line":185,"column":12},"end":{"line":185,"column":24}},"54":{"start":{"line":187,"column":12},"end":{"line":187,"column":33}},"55":{"start":{"line":192,"column":22},"end":{"line":196,"column":9}},"56":{"start":{"line":197,"column":23},"end":{"line":197,"column":70}},"57":{"start":{"line":198,"column":8},"end":{"line":198,"column":20}},"58":{"start":{"line":203,"column":27},"end":{"line":203,"column":51}},"59":{"start":{"line":204,"column":8},"end":{"line":204,"column":44}},"60":{"start":{"line":205,"column":8},"end":{"line":239,"column":9}},"61":{"start":{"line":207,"column":12},"end":{"line":210,"column":14}},"62":{"start":{"line":213,"column":12},"end":{"line":230,"column":13}},"63":{"start":{"line":215,"column":30},"end":{"line":215,"column":122}},"64":{"start":{"line":216,"column":36},"end":{"line":216,"column":75}},"65":{"start":{"line":218,"column":37},"end":{"line":218,"column":89}},"66":{"start":{"line":218,"column":57},"end":{"line":218,"column":77}},"67":{"start":{"line":219,"column":30},"end":{"line":222,"column":17}},"68":{"start":{"line":224,"column":31},"end":{"line":224,"column":33}},"69":{"start":{"line":225,"column":16},"end":{"line":227,"column":19}},"70":{"start":{"line":226,"column":20},"end":{"line":226,"column":89}},"71":{"start":{"line":229,"column":16},"end":{"line":229,"column":56}},"72":{"start":{"line":232,"column":12},"end":{"line":232,"column":38}},"73":{"start":{"line":233,"column":12},"end":{"line":233,"column":24}},"74":{"start":{"line":235,"column":12},"end":{"line":235,"column":40}},"75":{"start":{"line":236,"column":12},"end":{"line":236,"column":24}},"76":{"start":{"line":238,"column":12},"end":{"line":238,"column":33}},"77":{"start":{"line":244,"column":22},"end":{"line":251,"column":9}},"78":{"start":{"line":252,"column":23},"end":{"line":252,"column":71}},"79":{"start":{"line":253,"column":8},"end":{"line":253,"column":20}},"80":{"start":{"line":259,"column":20},"end":{"line":259,"column":22}},"81":{"start":{"line":260,"column":8},"end":{"line":275,"column":9}},"82":{"start":{"line":261,"column":12},"end":{"line":265,"column":14}},"83":{"start":{"line":268,"column":12},"end":{"line":274,"column":14}},"84":{"start":{"line":276,"column":23},"end":{"line":276,"column":62}},"85":{"start":{"line":277,"column":8},"end":{"line":277,"column":20}},"86":{"start":{"line":281,"column":22},"end":{"line":289,"column":9}},"87":{"start":{"line":290,"column":23},"end":{"line":290,"column":59}},"88":{"start":{"line":291,"column":8},"end":{"line":291,"column":20}},"89":{"start":{"line":295,"column":27},"end":{"line":295,"column":51}},"90":{"start":{"line":296,"column":8},"end":{"line":296,"column":44}},"91":{"start":{"line":297,"column":8},"end":{"line":321,"column":9}},"92":{"start":{"line":299,"column":29},"end":{"line":302,"column":100}},"93":{"start":{"line":304,"column":26},"end":{"line":304,"column":41}},"94":{"start":{"line":307,"column":12},"end":{"line":312,"column":13}},"95":{"start":{"line":308,"column":16},"end":{"line":311,"column":35}},"96":{"start":{"line":314,"column":12},"end":{"line":314,"column":38}},"97":{"start":{"line":315,"column":12},"end":{"line":315,"column":25}},"98":{"start":{"line":317,"column":12},"end":{"line":317,"column":40}},"99":{"start":{"line":318,"column":12},"end":{"line":318,"column":24}},"100":{"start":{"line":320,"column":12},"end":{"line":320,"column":33}},"101":{"start":{"line":326,"column":22},"end":{"line":330,"column":9}},"102":{"start":{"line":331,"column":8},"end":{"line":331,"column":69}},"103":{"start":{"line":336,"column":22},"end":{"line":340,"column":9}},"104":{"start":{"line":341,"column":23},"end":{"line":341,"column":55}},"105":{"start":{"line":342,"column":8},"end":{"line":342,"column":20}},"106":{"start":{"line":347,"column":20},"end":{"line":347,"column":73}},"107":{"start":{"line":348,"column":21},"end":{"line":348,"column":41}},"108":{"start":{"line":351,"column":8},"end":{"line":359,"column":9}},"109":{"start":{"line":352,"column":12},"end":{"line":357,"column":14}},"110":{"start":{"line":358,"column":12},"end":{"line":358,"column":49}},"111":{"start":{"line":361,"column":8},"end":{"line":361,"column":40}},"112":{"start":{"line":366,"column":23},"end":{"line":368,"column":19}},"113":{"start":{"line":369,"column":8},"end":{"line":369,"column":44}},"114":{"start":{"line":369,"column":29},"end":{"line":369,"column":42}},"115":{"start":{"line":373,"column":0},"end":{"line":373,"column":31}}},"fnMap":{"0":{"name":"(anonymous_0)","decl":{"start":{"line":4,"column":4},"end":{"line":4,"column":5}},"loc":{"start":{"line":4,"column":43},"end":{"line":32,"column":5}},"line":4},"1":{"name":"(anonymous_1)","decl":{"start":{"line":34,"column":4},"end":{"line":34,"column":5}},"loc":{"start":{"line":34,"column":61},"end":{"line":67,"column":5}},"line":34},"2":{"name":"(anonymous_2)","decl":{"start":{"line":70,"column":4},"end":{"line":70,"column":5}},"loc":{"start":{"line":70,"column":50},"end":{"line":101,"column":5}},"line":70},"3":{"name":"(anonymous_3)","decl":{"start":{"line":103,"column":4},"end":{"line":103,"column":5}},"loc":{"start":{"line":103,"column":32},"end":{"line":122,"column":5}},"line":103},"4":{"name":"(anonymous_4)","decl":{"start":{"line":124,"column":4},"end":{"line":124,"column":5}},"loc":{"start":{"line":124,"column":45},"end":{"line":148,"column":5}},"line":124},"5":{"name":"(anonymous_5)","decl":{"start":{"line":151,"column":4},"end":{"line":151,"column":5}},"loc":{"start":{"line":151,"column":78},"end":{"line":189,"column":5}},"line":151},"6":{"name":"(anonymous_6)","decl":{"start":{"line":191,"column":4},"end":{"line":191,"column":5}},"loc":{"start":{"line":191,"column":63},"end":{"line":199,"column":5}},"line":191},"7":{"name":"(anonymous_7)","decl":{"start":{"line":202,"column":4},"end":{"line":202,"column":5}},"loc":{"start":{"line":202,"column":62},"end":{"line":240,"column":5}},"line":202},"8":{"name":"(anonymous_8)","decl":{"start":{"line":218,"column":51},"end":{"line":218,"column":52}},"loc":{"start":{"line":218,"column":57},"end":{"line":218,"column":77}},"line":218},"9":{"name":"(anonymous_9)","decl":{"start":{"line":225,"column":34},"end":{"line":225,"column":35}},"loc":{"start":{"line":225,"column":39},"end":{"line":227,"column":17}},"line":225},"10":{"name":"(anonymous_10)","decl":{"start":{"line":242,"column":4},"end":{"line":242,"column":5}},"loc":{"start":{"line":242,"column":65},"end":{"line":254,"column":5}},"line":242},"11":{"name":"(anonymous_11)","decl":{"start":{"line":258,"column":4},"end":{"line":258,"column":5}},"loc":{"start":{"line":258,"column":65},"end":{"line":278,"column":5}},"line":258},"12":{"name":"(anonymous_12)","decl":{"start":{"line":280,"column":4},"end":{"line":280,"column":5}},"loc":{"start":{"line":280,"column":54},"end":{"line":292,"column":5}},"line":280},"13":{"name":"(anonymous_13)","decl":{"start":{"line":294,"column":4},"end":{"line":294,"column":5}},"loc":{"start":{"line":294,"column":37},"end":{"line":322,"column":5}},"line":294},"14":{"name":"(anonymous_14)","decl":{"start":{"line":325,"column":4},"end":{"line":325,"column":5}},"loc":{"start":{"line":325,"column":75},"end":{"line":332,"column":5}},"line":325},"15":{"name":"(anonymous_15)","decl":{"start":{"line":335,"column":4},"end":{"line":335,"column":5}},"loc":{"start":{"line":335,"column":48},"end":{"line":343,"column":5}},"line":335},"16":{"name":"(anonymous_16)","decl":{"start":{"line":346,"column":4},"end":{"line":346,"column":5}},"loc":{"start":{"line":346,"column":70},"end":{"line":362,"column":5}},"line":346},"17":{"name":"(anonymous_17)","decl":{"start":{"line":365,"column":4},"end":{"line":365,"column":5}},"loc":{"start":{"line":365,"column":46},"end":{"line":370,"column":5}},"line":365},"18":{"name":"(anonymous_18)","decl":{"start":{"line":369,"column":24},"end":{"line":369,"column":25}},"loc":{"start":{"line":369,"column":29},"end":{"line":369,"column":42}},"line":369}},"branchMap":{"0":{"loc":{"start":{"line":118,"column":19},"end":{"line":118,"column":51}},"type":"cond-expr","locations":[{"start":{"line":118,"column":37},"end":{"line":118,"column":44}},{"start":{"line":118,"column":47},"end":{"line":118,"column":51}}],"line":118},"1":{"loc":{"start":{"line":151,"column":45},"end":{"line":151,"column":57}},"type":"default-arg","locations":[{"start":{"line":151,"column":53},"end":{"line":151,"column":57}}],"line":151},"2":{"loc":{"start":{"line":151,"column":59},"end":{"line":151,"column":76}},"type":"default-arg","locations":[{"start":{"line":151,"column":72},"end":{"line":151,"column":76}}],"line":151},"3":{"loc":{"start":{"line":160,"column":12},"end":{"line":163,"column":13}},"type":"if","locations":[{"start":{"line":160,"column":12},"end":{"line":163,"column":13}},{"start":{},"end":{}}],"line":160},"4":{"loc":{"start":{"line":160,"column":16},"end":{"line":160,"column":46}},"type":"binary-expr","locations":[{"start":{"line":160,"column":16},"end":{"line":160,"column":37}},{"start":{"line":160,"column":41},"end":{"line":160,"column":46}}],"line":160},"5":{"loc":{"start":{"line":168,"column":12},"end":{"line":179,"column":13}},"type":"if","locations":[{"start":{"line":168,"column":12},"end":{"line":179,"column":13}},{"start":{},"end":{}}],"line":168},"6":{"loc":{"start":{"line":170,"column":16},"end":{"line":170,"column":71}},"type":"if","locations":[{"start":{"line":170,"column":16},"end":{"line":170,"column":71}},{"start":{},"end":{}}],"line":170},"7":{"loc":{"start":{"line":171,"column":16},"end":{"line":171,"column":71}},"type":"if","locations":[{"start":{"line":171,"column":16},"end":{"line":171,"column":71}},{"start":{},"end":{}}],"line":171},"8":{"loc":{"start":{"line":213,"column":12},"end":{"line":230,"column":13}},"type":"if","locations":[{"start":{"line":213,"column":12},"end":{"line":230,"column":13}},{"start":{},"end":{}}],"line":213},"9":{"loc":{"start":{"line":216,"column":36},"end":{"line":216,"column":75}},"type":"cond-expr","locations":[{"start":{"line":216,"column":53},"end":{"line":216,"column":71}},{"start":{"line":216,"column":74},"end":{"line":216,"column":75}}],"line":216},"10":{"loc":{"start":{"line":260,"column":8},"end":{"line":275,"column":9}},"type":"if","locations":[{"start":{"line":260,"column":8},"end":{"line":275,"column":9}},{"start":{"line":266,"column":15},"end":{"line":275,"column":9}}],"line":260},"11":{"loc":{"start":{"line":346,"column":56},"end":{"line":346,"column":68}},"type":"default-arg","locations":[{"start":{"line":346,"column":64},"end":{"line":346,"column":68}}],"line":346},"12":{"loc":{"start":{"line":351,"column":8},"end":{"line":359,"column":9}},"type":"if","locations":[{"start":{"line":351,"column":8},"end":{"line":359,"column":9}},{"start":{},"end":{}}],"line":351},"13":{"loc":{"start":{"line":351,"column":12},"end":{"line":351,"column":47}},"type":"binary-expr","locations":[{"start":{"line":351,"column":12},"end":{"line":351,"column":38}},{"start":{"line":351,"column":42},"end":{"line":351,"column":47}}],"line":351}},"s":{"0":1,"1":2,"2":2,"3":2,"4":1,"5":1,"6":3,"7":3,"8":3,"9":3,"10":3,"11":2,"12":2,"13":2,"14":2,"15":1,"16":1,"17":3,"18":2,"19":2,"20":2,"21":1,"22":1,"23":2,"24":2,"25":2,"26":1,"27":1,"28":1,"29":1,"30":1,"31":1,"32":0,"33":3,"34":3,"35":3,"36":3,"37":3,"38":3,"39":1,"40":1,"41":3,"42":2,"43":2,"44":2,"45":1,"46":2,"47":1,"48":2,"49":2,"50":2,"51":2,"52":1,"53":1,"54":3,"55":2,"56":2,"57":1,"58":3,"59":3,"60":3,"61":3,"62":3,"63":2,"64":1,"65":1,"66":2,"67":1,"68":1,"69":1,"70":2,"71":1,"72":2,"73":2,"74":1,"75":1,"76":3,"77":1,"78":1,"79":1,"80":2,"81":2,"82":1,"83":1,"84":2,"85":2,"86":1,"87":1,"88":1,"89":2,"90":2,"91":2,"92":2,"93":2,"94":2,"95":3,"96":1,"97":1,"98":1,"99":1,"100":2,"101":1,"102":1,"103":1,"104":1,"105":1,"106":2,"107":2,"108":2,"109":0,"110":0,"111":2,"112":1,"113":1,"114":2,"115":1},"f":{"0":2,"1":3,"2":2,"3":2,"4":1,"5":3,"6":2,"7":3,"8":2,"9":2,"10":1,"11":2,"12":1,"13":2,"14":1,"15":1,"16":2,"17":1,"18":2},"b":{"0":[1,0],"1":[0],"2":[0],"3":[1,2],"4":[3,1],"5":[2,0],"6":[1,1],"7":[1,1],"8":[2,1],"9":[1,0],"10":[1,1],"11":[0],"12":[0,2],"13":[2,1]},"_coverageSchema":"1a1c01bbd47fc00a2c39e90264f33305004495a9","hash":"b2712a1814a54e902b8600eef0108af8a7e193c6"}
}
