TN:
SF:models\scheduleModel.js
FN:4,(anonymous_0)
FN:34,(anonymous_1)
FN:70,(anonymous_2)
FN:103,(anonymous_3)
FN:124,(anonymous_4)
FN:151,(anonymous_5)
FN:191,(anonymous_6)
FN:202,(anonymous_7)
FN:218,(anonymous_8)
FN:225,(anonymous_9)
FN:242,(anonymous_10)
FN:258,(anonymous_11)
FN:280,(anonymous_12)
FN:294,(anonymous_13)
FN:325,(anonymous_14)
FN:335,(anonymous_15)
FN:346,(anonymous_16)
FN:365,(anonymous_17)
FN:369,(anonymous_18)
FNF:19
FNH:19
FNDA:2,(anonymous_0)
FNDA:3,(anonymous_1)
FNDA:2,(anonymous_2)
FNDA:2,(anonymous_3)
FNDA:1,(anonymous_4)
FNDA:3,(anonymous_5)
FNDA:2,(anonymous_6)
FNDA:3,(anonymous_7)
FNDA:2,(anonymous_8)
FNDA:2,(anonymous_9)
FNDA:1,(anonymous_10)
FNDA:2,(anonymous_11)
FNDA:1,(anonymous_12)
FNDA:2,(anonymous_13)
FNDA:1,(anonymous_14)
FNDA:1,(anonymous_15)
FNDA:2,(anonymous_16)
FNDA:1,(anonymous_17)
FNDA:2,(anonymous_18)
DA:1,1
DA:5,2
DA:7,2
DA:27,2
DA:28,1
DA:30,1
DA:35,3
DA:36,3
DA:37,3
DA:40,3
DA:48,3
DA:52,2
DA:57,2
DA:59,2
DA:60,2
DA:62,1
DA:63,1
DA:65,3
DA:71,2
DA:74,2
DA:96,2
DA:97,1
DA:99,1
DA:104,2
DA:106,2
DA:117,2
DA:118,1
DA:120,1
DA:125,1
DA:127,1
DA:143,1
DA:144,1
DA:146,0
DA:152,3
DA:153,3
DA:154,3
DA:157,3
DA:158,3
DA:160,3
DA:161,1
DA:162,1
DA:164,3
DA:168,2
DA:169,2
DA:170,2
DA:171,2
DA:173,2
DA:178,2
DA:181,2
DA:182,2
DA:184,1
DA:185,1
DA:187,3
DA:192,2
DA:197,2
DA:198,1
DA:203,3
DA:204,3
DA:205,3
DA:207,3
DA:213,3
DA:215,2
DA:216,1
DA:218,2
DA:219,1
DA:224,1
DA:225,1
DA:226,2
DA:229,1
DA:232,2
DA:233,2
DA:235,1
DA:236,1
DA:238,3
DA:244,1
DA:252,1
DA:253,1
DA:259,2
DA:260,2
DA:261,1
DA:268,1
DA:276,2
DA:277,2
DA:281,1
DA:290,1
DA:291,1
DA:295,2
DA:296,2
DA:297,2
DA:299,2
DA:304,2
DA:307,2
DA:308,3
DA:314,1
DA:315,1
DA:317,1
DA:318,1
DA:320,2
DA:326,1
DA:331,1
DA:336,1
DA:341,1
DA:342,1
DA:347,2
DA:348,2
DA:351,2
DA:352,0
DA:358,0
DA:361,2
DA:366,1
DA:369,2
DA:373,1
LF:112
LH:109
BRDA:118,0,0,1
BRDA:118,0,1,0
BRDA:151,1,0,0
BRDA:151,2,0,0
BRDA:160,3,0,1
BRDA:160,3,1,2
BRDA:160,4,0,3
BRDA:160,4,1,1
BRDA:168,5,0,2
BRDA:168,5,1,0
BRDA:170,6,0,1
BRDA:170,6,1,1
BRDA:171,7,0,1
BRDA:171,7,1,1
BRDA:213,8,0,2
BRDA:213,8,1,1
BRDA:216,9,0,1
BRDA:216,9,1,0
BRDA:260,10,0,1
BRDA:260,10,1,1
BRDA:346,11,0,0
BRDA:351,12,0,0
BRDA:351,12,1,2
BRDA:351,13,0,2
BRDA:351,13,1,1
BRF:25
BRH:18
end_of_record
